<?xml version="1.0" encoding="UTF-8"?>
<!-- Generated by org.testng.reporters.JUnitXMLReporter -->
<testsuite ignored="0" hostname="HP" failures="2" tests="2" name="Test" time="0.078" errors="0" timestamp="2022-06-26T18:51:18 IST">
  <testcase classname="com.MultiBrowser.Multi_Browser" name="chromeBrowser" time="0.0">
    <failure type="org.testng.TestNGException" message="
Parameter &amp;apos;Browser&amp;apos; is required by @Test on method chromeBrowser but has not been marked @Optional or defined
in C:\Users\venka\eclipse-workspace\Adactin_Hotel\Xml\Multi.xml">
      <![CDATA[org.testng.TestNGException: 
Parameter 'Browser' is required by @Test on method chromeBrowser but has not been marked @Optional or defined
in C:\Users\venka\eclipse-workspace\Adactin_Hotel\Xml\Multi.xml
at java.base/java.util.ArrayList.forEach(ArrayList.java:1511)
... Removed 26 stack frames]]>
    </failure>
  </testcase> <!-- chromeBrowser -->
  <testcase classname="com.MultiBrowser.Multi_Browser" name="fireFox" time="0.048">
    <failure type="org.testng.TestException" message="
Expected exception of type class org.testng.TestNGException but got java.lang.AbstractMethodError: Receiver class org.openqa.selenium.firefox.GeckoDriverService$Builder does not define or inherit an implementation of the resolved method &amp;apos;abstract java.util.List createArgs()&amp;apos; of abstract class org.openqa.selenium.remote.service.DriverService$Builder.">
      <![CDATA[org.testng.TestException: 
at java.base/java.util.ArrayList.forEach(ArrayList.java:1511)
Caused by: java.lang.AbstractMethodError: Receiver class org.openqa.selenium.firefox.GeckoDriverService$Builder does not define or inherit an implementation of the resolved method 'abstract java.util.List createArgs()' of abstract class org.openqa.selenium.remote.service.DriverService$Builder.
at org.openqa.selenium.remote.service.DriverService$Builder.build(DriverService.java:444)
at org.openqa.selenium.firefox.FirefoxDriver.toExecutor(FirefoxDriver.java:190)
at org.openqa.selenium.firefox.FirefoxDriver.<init>(FirefoxDriver.java:147)
at org.openqa.selenium.firefox.FirefoxDriver.<init>(FirefoxDriver.java:125)
at com.MultiBrowser.Multi_Browser.fireFox(Multi_Browser.java:29)
... 22 more
... Removed 31 stack frames]]>
    </failure>
  </testcase> <!-- fireFox -->
</testsuite> <!-- Test -->
